mode: set
SnippetBox.mikudayo.net/internal/assert/assert.go:9.69,12.50 2 0
SnippetBox.mikudayo.net/internal/assert/assert.go:12.50,14.3 1 0
SnippetBox.mikudayo.net/internal/assert/assert.go:18.60,21.24 2 0
SnippetBox.mikudayo.net/internal/assert/assert.go:21.24,23.3 1 0
SnippetBox.mikudayo.net/internal/assert/assert.go:27.43,30.19 2 0
SnippetBox.mikudayo.net/internal/assert/assert.go:30.19,32.3 1 0
SnippetBox.mikudayo.net/internal/models/mocks/snippets.go:23.87,25.2 1 0
SnippetBox.mikudayo.net/internal/models/mocks/snippets.go:27.61,28.12 1 0
SnippetBox.mikudayo.net/internal/models/mocks/snippets.go:29.10,30.26 1 0
SnippetBox.mikudayo.net/internal/models/mocks/snippets.go:31.10,32.33 1 0
SnippetBox.mikudayo.net/internal/models/mocks/snippets.go:36.60,38.2 1 0
SnippetBox.mikudayo.net/internal/models/mocks/users.go:10.64,12.15 1 0
SnippetBox.mikudayo.net/internal/models/mocks/users.go:13.27,14.34 1 0
SnippetBox.mikudayo.net/internal/models/mocks/users.go:15.10,16.13 1 0
SnippetBox.mikudayo.net/internal/models/mocks/users.go:19.71,20.64 1 0
SnippetBox.mikudayo.net/internal/models/mocks/users.go:20.64,22.3 1 0
SnippetBox.mikudayo.net/internal/models/mocks/users.go:23.2,23.40 1 0
SnippetBox.mikudayo.net/internal/models/mocks/users.go:25.50,26.12 1 0
SnippetBox.mikudayo.net/internal/models/mocks/users.go:27.10,28.19 1 0
SnippetBox.mikudayo.net/internal/models/mocks/users.go:29.10,30.20 1 0
SnippetBox.mikudayo.net/cmd/web/handlers.go:43.70,45.23 1 0
SnippetBox.mikudayo.net/cmd/web/handlers.go:45.23,49.3 2 0
SnippetBox.mikudayo.net/cmd/web/handlers.go:54.2,55.16 2 0
SnippetBox.mikudayo.net/cmd/web/handlers.go:55.16,57.3 1 0
SnippetBox.mikudayo.net/cmd/web/handlers.go:59.2,62.54 3 0
SnippetBox.mikudayo.net/cmd/web/handlers.go:67.77,76.26 3 1
SnippetBox.mikudayo.net/cmd/web/handlers.go:76.26,80.3 2 1
SnippetBox.mikudayo.net/cmd/web/handlers.go:81.2,82.16 2 1
SnippetBox.mikudayo.net/cmd/web/handlers.go:82.16,84.41 1 1
SnippetBox.mikudayo.net/cmd/web/handlers.go:84.41,87.4 2 1
SnippetBox.mikudayo.net/cmd/web/handlers.go:88.3,89.9 2 0
SnippetBox.mikudayo.net/cmd/web/handlers.go:94.2,98.54 3 1
SnippetBox.mikudayo.net/cmd/web/handlers.go:104.79,137.2 4 0
SnippetBox.mikudayo.net/cmd/web/handlers.go:140.83,145.16 3 0
SnippetBox.mikudayo.net/cmd/web/handlers.go:145.16,148.3 2 0
SnippetBox.mikudayo.net/cmd/web/handlers.go:154.2,159.19 5 0
SnippetBox.mikudayo.net/cmd/web/handlers.go:159.19,165.3 4 0
SnippetBox.mikudayo.net/cmd/web/handlers.go:166.2,167.16 2 0
SnippetBox.mikudayo.net/cmd/web/handlers.go:167.16,170.3 2 0
SnippetBox.mikudayo.net/cmd/web/handlers.go:174.2,176.79 2 0
SnippetBox.mikudayo.net/cmd/web/handlers.go:180.76,185.2 3 1
SnippetBox.mikudayo.net/cmd/web/handlers.go:188.80,192.16 3 1
SnippetBox.mikudayo.net/cmd/web/handlers.go:192.16,195.3 2 0
SnippetBox.mikudayo.net/cmd/web/handlers.go:197.2,202.19 5 1
SnippetBox.mikudayo.net/cmd/web/handlers.go:202.19,207.3 4 1
SnippetBox.mikudayo.net/cmd/web/handlers.go:209.2,210.16 2 1
SnippetBox.mikudayo.net/cmd/web/handlers.go:210.16,212.47 1 1
SnippetBox.mikudayo.net/cmd/web/handlers.go:212.47,220.4 4 1
SnippetBox.mikudayo.net/cmd/web/handlers.go:220.9,222.4 1 0
SnippetBox.mikudayo.net/cmd/web/handlers.go:224.3,224.9 1 1
SnippetBox.mikudayo.net/cmd/web/handlers.go:227.2,230.57 2 1
SnippetBox.mikudayo.net/cmd/web/handlers.go:234.75,240.2 3 0
SnippetBox.mikudayo.net/cmd/web/handlers.go:243.79,247.16 3 0
SnippetBox.mikudayo.net/cmd/web/handlers.go:247.16,250.3 2 0
SnippetBox.mikudayo.net/cmd/web/handlers.go:252.2,256.19 4 0
SnippetBox.mikudayo.net/cmd/web/handlers.go:256.19,261.3 4 0
SnippetBox.mikudayo.net/cmd/web/handlers.go:263.2,264.16 2 0
SnippetBox.mikudayo.net/cmd/web/handlers.go:264.16,266.51 1 0
SnippetBox.mikudayo.net/cmd/web/handlers.go:266.51,272.4 4 0
SnippetBox.mikudayo.net/cmd/web/handlers.go:272.9,274.4 1 0
SnippetBox.mikudayo.net/cmd/web/handlers.go:275.3,275.9 1 0
SnippetBox.mikudayo.net/cmd/web/handlers.go:278.2,279.16 2 0
SnippetBox.mikudayo.net/cmd/web/handlers.go:279.16,282.3 2 0
SnippetBox.mikudayo.net/cmd/web/handlers.go:284.2,286.61 2 0
SnippetBox.mikudayo.net/cmd/web/handlers.go:291.80,294.16 2 0
SnippetBox.mikudayo.net/cmd/web/handlers.go:294.16,297.3 2 0
SnippetBox.mikudayo.net/cmd/web/handlers.go:299.2,303.47 3 0
SnippetBox.mikudayo.net/cmd/web/handlers.go:307.51,310.2 1 1
SnippetBox.mikudayo.net/cmd/web/helpers.go:18.71,27.2 3 0
SnippetBox.mikudayo.net/cmd/web/helpers.go:30.72,32.2 1 1
SnippetBox.mikudayo.net/cmd/web/helpers.go:35.57,37.2 1 1
SnippetBox.mikudayo.net/cmd/web/helpers.go:40.100,43.9 2 1
SnippetBox.mikudayo.net/cmd/web/helpers.go:43.9,49.3 3 0
SnippetBox.mikudayo.net/cmd/web/helpers.go:51.2,54.16 3 1
SnippetBox.mikudayo.net/cmd/web/helpers.go:54.16,57.3 2 0
SnippetBox.mikudayo.net/cmd/web/helpers.go:61.2,63.16 2 1
SnippetBox.mikudayo.net/cmd/web/helpers.go:67.72,70.16 2 1
SnippetBox.mikudayo.net/cmd/web/helpers.go:70.16,72.3 1 0
SnippetBox.mikudayo.net/cmd/web/helpers.go:74.2,75.16 2 1
SnippetBox.mikudayo.net/cmd/web/helpers.go:75.16,79.43 2 0
SnippetBox.mikudayo.net/cmd/web/helpers.go:79.43,81.14 1 0
SnippetBox.mikudayo.net/cmd/web/helpers.go:84.3,84.13 1 0
SnippetBox.mikudayo.net/cmd/web/helpers.go:86.2,86.12 1 1
SnippetBox.mikudayo.net/cmd/web/helpers.go:90.72,101.2 1 1
SnippetBox.mikudayo.net/cmd/web/helpers.go:104.63,108.9 2 1
SnippetBox.mikudayo.net/cmd/web/helpers.go:108.9,111.3 1 1
SnippetBox.mikudayo.net/cmd/web/helpers.go:112.2,112.24 1 0
SnippetBox.mikudayo.net/cmd/web/main.go:37.13,54.16 7 0
SnippetBox.mikudayo.net/cmd/web/main.go:54.16,56.3 1 0
SnippetBox.mikudayo.net/cmd/web/main.go:58.2,61.16 3 0
SnippetBox.mikudayo.net/cmd/web/main.go:61.16,64.3 2 0
SnippetBox.mikudayo.net/cmd/web/main.go:66.2,113.16 11 0
SnippetBox.mikudayo.net/cmd/web/main.go:113.16,115.3 1 0
SnippetBox.mikudayo.net/cmd/web/main.go:118.42,120.16 2 0
SnippetBox.mikudayo.net/cmd/web/main.go:120.16,122.3 1 0
SnippetBox.mikudayo.net/cmd/web/main.go:124.2,124.33 1 0
SnippetBox.mikudayo.net/cmd/web/main.go:124.33,126.3 1 0
SnippetBox.mikudayo.net/cmd/web/main.go:127.2,127.16 1 0
SnippetBox.mikudayo.net/cmd/web/middleware.go:12.52,13.71 1 1
SnippetBox.mikudayo.net/cmd/web/middleware.go:13.71,24.3 6 1
SnippetBox.mikudayo.net/cmd/web/middleware.go:28.68,29.71 1 1
SnippetBox.mikudayo.net/cmd/web/middleware.go:29.71,34.3 2 1
SnippetBox.mikudayo.net/cmd/web/middleware.go:38.70,39.71 1 1
SnippetBox.mikudayo.net/cmd/web/middleware.go:39.71,41.16 1 1
SnippetBox.mikudayo.net/cmd/web/middleware.go:41.16,43.36 1 1
SnippetBox.mikudayo.net/cmd/web/middleware.go:43.36,49.5 2 0
SnippetBox.mikudayo.net/cmd/web/middleware.go:51.3,51.23 1 1
SnippetBox.mikudayo.net/cmd/web/middleware.go:56.79,57.71 1 1
SnippetBox.mikudayo.net/cmd/web/middleware.go:57.71,58.30 1 0
SnippetBox.mikudayo.net/cmd/web/middleware.go:58.30,62.4 2 0
SnippetBox.mikudayo.net/cmd/web/middleware.go:64.3,67.23 2 0
SnippetBox.mikudayo.net/cmd/web/middleware.go:72.45,81.2 3 1
SnippetBox.mikudayo.net/cmd/web/middleware.go:84.70,85.71 1 1
SnippetBox.mikudayo.net/cmd/web/middleware.go:85.71,89.14 2 1
SnippetBox.mikudayo.net/cmd/web/middleware.go:89.14,93.4 2 1
SnippetBox.mikudayo.net/cmd/web/middleware.go:95.3,96.17 2 0
SnippetBox.mikudayo.net/cmd/web/middleware.go:96.17,99.4 2 0
SnippetBox.mikudayo.net/cmd/web/middleware.go:102.3,102.13 1 0
SnippetBox.mikudayo.net/cmd/web/middleware.go:102.13,106.4 2 0
SnippetBox.mikudayo.net/cmd/web/middleware.go:108.3,108.23 1 0
SnippetBox.mikudayo.net/cmd/web/routes.go:11.47,19.82 2 1
SnippetBox.mikudayo.net/cmd/web/routes.go:19.82,21.3 1 1
SnippetBox.mikudayo.net/cmd/web/routes.go:28.2,70.30 16 1
SnippetBox.mikudayo.net/cmd/web/templates.go:31.37,33.16 1 1
SnippetBox.mikudayo.net/cmd/web/templates.go:33.16,35.3 1 1
SnippetBox.mikudayo.net/cmd/web/templates.go:38.2,38.46 1 1
SnippetBox.mikudayo.net/cmd/web/templates.go:47.64,56.16 3 1
SnippetBox.mikudayo.net/cmd/web/templates.go:56.16,58.3 1 0
SnippetBox.mikudayo.net/cmd/web/templates.go:60.2,60.29 1 1
SnippetBox.mikudayo.net/cmd/web/templates.go:60.29,72.17 4 1
SnippetBox.mikudayo.net/cmd/web/templates.go:72.17,74.4 1 0
SnippetBox.mikudayo.net/cmd/web/templates.go:75.3,75.19 1 1
SnippetBox.mikudayo.net/cmd/web/templates.go:78.2,78.19 1 1
SnippetBox.mikudayo.net/internal/assert/assert.go:9.69,12.50 2 1
SnippetBox.mikudayo.net/internal/assert/assert.go:12.50,14.3 1 0
SnippetBox.mikudayo.net/internal/assert/assert.go:18.60,21.24 2 1
SnippetBox.mikudayo.net/internal/assert/assert.go:21.24,23.3 1 0
SnippetBox.mikudayo.net/internal/assert/assert.go:27.43,30.19 2 0
SnippetBox.mikudayo.net/internal/assert/assert.go:30.19,32.3 1 0
SnippetBox.mikudayo.net/internal/models/mocks/snippets.go:23.87,25.2 1 0
SnippetBox.mikudayo.net/internal/models/mocks/snippets.go:27.61,28.12 1 1
SnippetBox.mikudayo.net/internal/models/mocks/snippets.go:29.10,30.26 1 1
SnippetBox.mikudayo.net/internal/models/mocks/snippets.go:31.10,32.33 1 1
SnippetBox.mikudayo.net/internal/models/mocks/snippets.go:36.60,38.2 1 0
SnippetBox.mikudayo.net/internal/models/mocks/users.go:10.64,12.15 1 1
SnippetBox.mikudayo.net/internal/models/mocks/users.go:13.27,14.34 1 1
SnippetBox.mikudayo.net/internal/models/mocks/users.go:15.10,16.13 1 1
SnippetBox.mikudayo.net/internal/models/mocks/users.go:19.71,20.64 1 0
SnippetBox.mikudayo.net/internal/models/mocks/users.go:20.64,22.3 1 0
SnippetBox.mikudayo.net/internal/models/mocks/users.go:23.2,23.40 1 0
SnippetBox.mikudayo.net/internal/models/mocks/users.go:25.50,26.12 1 0
SnippetBox.mikudayo.net/internal/models/mocks/users.go:27.10,28.19 1 0
SnippetBox.mikudayo.net/internal/models/mocks/users.go:29.10,30.20 1 0
SnippetBox.mikudayo.net/internal/assert/assert.go:9.69,12.50 2 0
SnippetBox.mikudayo.net/internal/assert/assert.go:12.50,14.3 1 0
SnippetBox.mikudayo.net/internal/assert/assert.go:18.60,21.24 2 1
SnippetBox.mikudayo.net/internal/assert/assert.go:21.24,23.3 1 0
SnippetBox.mikudayo.net/internal/assert/assert.go:27.43,30.19 2 1
SnippetBox.mikudayo.net/internal/assert/assert.go:30.19,32.3 1 0
SnippetBox.mikudayo.net/internal/models/snippets.go:33.87,40.16 3 0
SnippetBox.mikudayo.net/internal/models/snippets.go:40.16,42.3 1 0
SnippetBox.mikudayo.net/internal/models/snippets.go:44.2,45.16 2 0
SnippetBox.mikudayo.net/internal/models/snippets.go:45.16,47.3 1 0
SnippetBox.mikudayo.net/internal/models/snippets.go:49.2,49.21 1 0
SnippetBox.mikudayo.net/internal/models/snippets.go:55.54,68.16 5 0
SnippetBox.mikudayo.net/internal/models/snippets.go:68.16,71.36 1 0
SnippetBox.mikudayo.net/internal/models/snippets.go:71.36,73.4 1 0
SnippetBox.mikudayo.net/internal/models/snippets.go:74.3,74.18 1 0
SnippetBox.mikudayo.net/internal/models/snippets.go:77.2,77.15 1 0
SnippetBox.mikudayo.net/internal/models/snippets.go:83.53,91.16 3 0
SnippetBox.mikudayo.net/internal/models/snippets.go:91.16,93.3 1 0
SnippetBox.mikudayo.net/internal/models/snippets.go:95.2,98.18 3 0
SnippetBox.mikudayo.net/internal/models/snippets.go:98.18,102.17 3 0
SnippetBox.mikudayo.net/internal/models/snippets.go:102.17,104.4 1 0
SnippetBox.mikudayo.net/internal/models/snippets.go:106.3,106.33 1 0
SnippetBox.mikudayo.net/internal/models/snippets.go:109.2,109.34 1 0
SnippetBox.mikudayo.net/internal/models/snippets.go:109.34,111.3 1 0
SnippetBox.mikudayo.net/internal/models/snippets.go:113.2,113.22 1 0
SnippetBox.mikudayo.net/internal/models/users.go:35.64,39.16 2 0
SnippetBox.mikudayo.net/internal/models/users.go:39.16,41.3 1 0
SnippetBox.mikudayo.net/internal/models/users.go:43.2,46.16 3 0
SnippetBox.mikudayo.net/internal/models/users.go:46.16,50.34 2 0
SnippetBox.mikudayo.net/internal/models/users.go:50.34,52.91 1 0
SnippetBox.mikudayo.net/internal/models/users.go:52.91,56.5 1 0
SnippetBox.mikudayo.net/internal/models/users.go:58.3,58.13 1 0
SnippetBox.mikudayo.net/internal/models/users.go:60.2,60.12 1 0
SnippetBox.mikudayo.net/internal/models/users.go:64.71,71.16 5 0
SnippetBox.mikudayo.net/internal/models/users.go:71.16,73.36 1 0
SnippetBox.mikudayo.net/internal/models/users.go:73.36,76.4 1 0
SnippetBox.mikudayo.net/internal/models/users.go:76.9,79.4 1 0
SnippetBox.mikudayo.net/internal/models/users.go:82.2,83.16 2 0
SnippetBox.mikudayo.net/internal/models/users.go:83.16,85.58 1 0
SnippetBox.mikudayo.net/internal/models/users.go:85.58,88.4 1 0
SnippetBox.mikudayo.net/internal/models/users.go:88.9,90.4 1 0
SnippetBox.mikudayo.net/internal/models/users.go:93.2,93.16 1 0
SnippetBox.mikudayo.net/internal/models/users.go:97.50,105.2 4 1
SnippetBox.mikudayo.net/internal/models/validator.go:21.34,23.2 1 0
SnippetBox.mikudayo.net/internal/models/validator.go:26.56,28.26 1 0
SnippetBox.mikudayo.net/internal/models/validator.go:28.26,30.3 1 0
SnippetBox.mikudayo.net/internal/models/validator.go:32.2,32.46 1 0
SnippetBox.mikudayo.net/internal/models/validator.go:32.46,34.3 1 0
SnippetBox.mikudayo.net/internal/models/validator.go:38.54,40.2 1 0
SnippetBox.mikudayo.net/internal/models/validator.go:43.58,45.9 1 0
SnippetBox.mikudayo.net/internal/models/validator.go:45.9,47.3 1 0
SnippetBox.mikudayo.net/internal/models/validator.go:51.49,54.2 1 0
SnippetBox.mikudayo.net/internal/models/validator.go:57.58,59.2 1 0
SnippetBox.mikudayo.net/internal/models/validator.go:63.69,64.36 1 0
SnippetBox.mikudayo.net/internal/models/validator.go:64.36,65.15 1 0
SnippetBox.mikudayo.net/internal/models/validator.go:65.15,67.4 1 0
SnippetBox.mikudayo.net/internal/models/validator.go:69.2,69.14 1 0
SnippetBox.mikudayo.net/internal/models/validator.go:73.58,75.2 1 0
SnippetBox.mikudayo.net/internal/models/validator.go:78.67,80.2 1 0
